Start testing: Jan 20 18:25 EET
----------------------------------------------------------
1/1 Testing: carl_tests
1/1 Test: carl_tests
Command: "/home/emilis/notes/kursinis/CARL/build/carl_tests"
Directory: /home/emilis/notes/kursinis/CARL/build
"carl_tests" start time: Jan 20 18:25 EET
Output:
----------------------------------------------------------
All tests passed.
<end of output>
Test time =   0.00 sec
----------------------------------------------------------
Test Passed.
"carl_tests" end time: Jan 20 18:25 EET
"carl_tests" time elapsed: 00:00:00
----------------------------------------------------------

End testing: Jan 20 18:25 EET
